<?xml version="1.0" encoding="UTF-8"?>
<!-- Generated by org.testng.reporters.JUnitXMLReporter -->
<testsuite hostname="DELL-PC" ignored="2" name="Test" tests="4" failures="4" timestamp="01 Jul 2017 05:14:11 GMT" time="6.588" errors="0">
  <testcase name="verifyPrice" time="0.054" classname="testCases.VerifyProduct">
    <failure type="java.lang.NullPointerException">
      <![CDATA[java.lang.NullPointerException
	at testCases.VerifyProduct.verifyPrice(VerifyProduct.java:47)
... Removed 28 stack frames]]>
    </failure>
  </testcase> <!-- verifyPrice -->
  <testcase name="verifyPrice" time="0.011" classname="testCases.VerifyProduct">
    <failure type="java.lang.NullPointerException">
      <![CDATA[java.lang.NullPointerException
	at testCases.VerifyProduct.verifyPrice(VerifyProduct.java:47)
... Removed 28 stack frames]]>
    </failure>
  </testcase> <!-- verifyPrice -->
  <testcase name="verifyPrice" time="0.015" classname="testCases.VerifyProduct">
    <failure type="java.lang.NullPointerException">
      <![CDATA[java.lang.NullPointerException
	at testCases.VerifyProduct.verifyPrice(VerifyProduct.java:47)
... Removed 28 stack frames]]>
    </failure>
  </testcase> <!-- verifyPrice -->
  <testcase name="verifyPrice" time="0.011" classname="testCases.VerifyProduct">
    <failure type="java.lang.NullPointerException">
      <![CDATA[java.lang.NullPointerException
	at testCases.VerifyProduct.verifyPrice(VerifyProduct.java:47)
... Removed 28 stack frames]]>
    </failure>
  </testcase> <!-- verifyPrice -->
  <testcase name="@BeforeSuite setUp" time="0.0" classname="testCore.Core">
    <ignored/>
  </testcase> <!-- @BeforeSuite setUp -->
  <testcase name="@AfterSuite tearDown" time="0.0" classname="testCore.Core">
    <ignored/>
  </testcase> <!-- @AfterSuite tearDown -->
</testsuite> <!-- Test -->
